<?xml version="1.0" encoding="UTF-8"?>
<testsuite name="users.ManagementTest" tests="1" skipped="0" failures="0" errors="0" timestamp="2022-08-02T14:12:10" hostname="DESKTOP-DID8KMC" time="10.011">
  <properties/>
  <testcase name="testParallel()" classname="users.ManagementTest" time="10.011"/>
  <system-out><![CDATA[09:12:12.908 [Test worker] INFO  com.intuit.karate.Suite - backed up existing 'build\karate-reports' dir to: build\karate-reports_1659449532904
09:12:12.937 [Test worker] DEBUG com.intuit.karate.Suite - waiting for 2 features to complete
09:12:17.035 [pool-1-thread-2] DEBUG com.intuit.karate - request:
1 > GET https://reqres.in/api/users/2
1 > Host: reqres.in
1 > Connection: Keep-Alive
1 > User-Agent: Apache-HttpClient/4.5.13 (Java/1.8.0_77)
1 > Accept-Encoding: gzip,deflate


09:12:17.035 [pool-1-thread-1] DEBUG com.intuit.karate - request:
1 > DELETE https://reqres.in/api/users/2
1 > Host: reqres.in
1 > Connection: Keep-Alive
1 > User-Agent: Apache-HttpClient/4.5.13 (Java/1.8.0_77)
1 > Accept-Encoding: gzip,deflate


09:12:18.000 [pool-1-thread-2] DEBUG com.intuit.karate - response time in milliseconds: 959
1 < 200
1 < Date: Tue, 02 Aug 2022 14:12:17 GMT
1 < Content-Type: application/json; charset=utf-8
1 < Transfer-Encoding: chunked
1 < Connection: keep-alive
1 < X-Powered-By: Express
1 < Access-Control-Allow-Origin: *
1 < Etag: W/"118-pbdwwFo9SKNhD3Lx5iHJyngpq00"
1 < Via: 1.1 vegur
1 < Cache-Control: max-age=14400
1 < CF-Cache-Status: HIT
1 < Age: 7065
1 < Expect-CT: max-age=604800, report-uri="https://report-uri.cloudflare.com/cdn-cgi/beacon/expect-ct"
1 < Report-To: {"endpoints":[{"url":"https:\/\/a.nel.cloudflare.com\/report\/v3?s=pNx1Ff7Moc%2B4AGwp%2F7mvMdCfyks16BMyUXNqC2T3819UrxXuf4Cw33yKc52nNGtMHW36VPQoVWTOs96fxOjfJEuRMBmFX076JHYWT4Nez4bJFvhOhpEe8qmDZw%3D%3D"}],"group":"cf-nel","max_age":604800}
1 < NEL: {"success_fraction":0,"report_to":"cf-nel","max_age":604800}
1 < Vary: Accept-Encoding
1 < Server: cloudflare
1 < CF-RAY: 7347685c3b6067de-MIA
{"data":{"id":2,"email":"janet.weaver@reqres.in","first_name":"Janet","last_name":"Weaver","avatar":"https://reqres.in/img/faces/2-image.jpg"},"support":{"url":"https://reqres.in/#support-heading","text":"To keep ReqRes free, contributions towards server costs are appreciated!"}}

09:12:18.204 [pool-1-thread-1] DEBUG com.intuit.karate - response time in milliseconds: 1167
1 < 204
1 < Date: Tue, 02 Aug 2022 14:12:18 GMT
1 < Content-Length: 0
1 < Connection: keep-alive
1 < X-Powered-By: Express
1 < Access-Control-Allow-Origin: *
1 < Etag: W/"2-vyGp6PvFo4RvsFtPoIWeCReyIC8"
1 < Via: 1.1 vegur
1 < CF-Cache-Status: DYNAMIC
1 < Expect-CT: max-age=604800, report-uri="https://report-uri.cloudflare.com/cdn-cgi/beacon/expect-ct"
1 < Report-To: {"endpoints":[{"url":"https:\/\/a.nel.cloudflare.com\/report\/v3?s=n4rc7gGKHnhTP%2BT8uD3mzqVjTn9iVVAxNEG7XPS6tCMIEk0xKA7oN1nNClh2yB6RV2N2GUlOAjdDY16VKSWPjRVMJxyDfzN1tvQpxIkh%2BTBX0Yex8nzR8LOFQQ%3D%3D"}],"group":"cf-nel","max_age":604800}
1 < NEL: {"success_fraction":0,"report_to":"cf-nel","max_age":604800}
1 < Server: cloudflare
1 < CF-RAY: 7347685c3a3f6db0-MIA


---------------------------------------------------------
feature: classpath:users/delete/user-delete.feature
scenarios:  1 | passed:  1 | failed:  0 | time: 2,0676
---------------------------------------------------------

09:12:19.992 [pool-2-thread-1] INFO  com.intuit.karate.Suite - <<pass>> feature 1 of 2 (1 remaining) classpath:users/delete/user-delete.feature
---------------------------------------------------------
feature: classpath:users/get/user-get.feature
scenarios:  1 | passed:  1 | failed:  0 | time: 2,0095
---------------------------------------------------------

09:12:20.208 [pool-2-thread-1] INFO  com.intuit.karate.Suite - <<pass>> feature 2 of 2 (0 remaining) classpath:users/get/user-get.feature
Karate version: 1.2.0.RC4
======================================================
elapsed:   9,18 | threads:    4 | thread time: 4,08 
features:     2 | skipped:    0 | efficiency: 0,11
scenarios:    2 | passed:     2 | failed: 0
======================================================

HTML report: (paste into browser to view) | Karate version: 1.2.0.RC4
file:///D:/Ejercicios_Karate/Arquetipo_Karate/build/karate-reports/karate-summary.html
===================================================================

]]></system-out>
  <system-err><![CDATA[]]></system-err>
</testsuite>
